Using pre-set license
Built from '2020.2/release' branch; Version is '2020.2.1f1 (270dd8c3da1c) revision 2559448'; Using compiler version '192528614'; Build Type 'Release'
OS: 'Windows 10  (10.0.0) 64bit' Language: 'en' Physical Memory: 16299 MB
BatchMode: 1, IsHumanControllingUs: 0, StartBugReporterOnCrash: 0, Is64bit: 1, IsPro: 0

 COMMAND LINE ARGUMENTS:
C:\Program Files\Unity\Hub\Editor\2020.2.1f1\Editor\Unity.exe
-adb2
-batchMode
-noUpm
-name
AssetImportWorker0
-projectPath
C:/Users/stink/Desktop/SoccerJuggleGame
-logFile
Logs/AssetImportWorker0.log
-srvPort
53315
Successfully changed project path to: C:/Users/stink/Desktop/SoccerJuggleGame
C:/Users/stink/Desktop/SoccerJuggleGame
Using Asset Import Pipeline V2.
Refreshing native plugins compatible for Editor in 21.59 ms, found 0 plugins.
Preloading 0 native plugins for Editor in 0.00 ms.
Initialize engine version: 2020.2.1f1 (270dd8c3da1c)
[Subsystems] Discovering subsystems at path C:/Program Files/Unity/Hub/Editor/2020.2.1f1/Editor/Data/Resources/UnitySubsystems
[Subsystems] Discovering subsystems at path C:/Users/stink/Desktop/SoccerJuggleGame/Assets
GfxDevice: creating device client; threaded=0
Direct3D:
    Version:  Direct3D 11.0 [level 11.1]
    Renderer: NVIDIA GeForce GTX 1660 Ti (ID=0x2182)
    Vendor:   
    VRAM:     5991 MB
    Driver:   27.21.14.5671
Initialize mono
Mono path[0] = 'C:/Program Files/Unity/Hub/Editor/2020.2.1f1/Editor/Data/Managed'
Mono path[1] = 'C:/Program Files/Unity/Hub/Editor/2020.2.1f1/Editor/Data/MonoBleedingEdge/lib/mono/unityjit'
Mono config path = 'C:/Program Files/Unity/Hub/Editor/2020.2.1f1/Editor/Data/MonoBleedingEdge/etc'
Using monoOptions --debugger-agent=transport=dt_socket,embedding=1,server=y,suspend=n,address=127.0.0.1:56524
Begin MonoManager ReloadAssembly
Registering precompiled unity dll's ...
Register platform support module: C:/Program Files/Unity/Hub/Editor/2020.2.1f1/Editor/Data/PlaybackEngines/WindowsStandaloneSupport/UnityEditor.WindowsStandalone.Extensions.dll
Registered in 0.001539 seconds.
Native extension for WindowsStandalone target not found
Refreshing native plugins compatible for Editor in 22.21 ms, found 0 plugins.
Preloading 0 native plugins for Editor in 0.00 ms.
Invoked RoslynAnalysisRunner static constructor.
RoslynAnalysisRunner will not be running.
RoslynAnalysisRunner has terminated.
Mono: successfully reloaded assembly
- Completed reload, in  1.414 seconds
Platform modules already initialized, skipping
Registering precompiled user dll's ...
Registered in 0.000501 seconds.
Begin MonoManager ReloadAssembly
Native extension for WindowsStandalone target not found
Refreshing native plugins compatible for Editor in 0.27 ms, found 0 plugins.
Preloading 0 native plugins for Editor in 0.00 ms.
Invoked RoslynAnalysisRunner static constructor.
RoslynAnalysisRunner will not be running.
RoslynAnalysisRunner has terminated.
Mono: successfully reloaded assembly
- Completed reload, in  0.710 seconds
Platform modules already initialized, skipping
========================================================================
Worker process is ready to serve import requests
Launched and connected shader compiler UnityShaderCompiler.exe after 0.03 seconds
Refreshing native plugins compatible for Editor in 0.26 ms, found 0 plugins.
Preloading 0 native plugins for Editor in 0.00 ms.
Unloading 1155 Unused Serialized files (Serialized files now loaded: 0)
System memory in use before: 58.0 MB.
System memory in use after: 58.0 MB.

Unloading 13 unused Assets to reduce memory usage. Loaded Objects now: 1600.
Total: 3.493200 ms (FindLiveObjects: 0.324300 ms CreateObjectMapping: 0.047300 ms MarkObjects: 3.054500 ms  DeleteObjects: 0.065700 ms)

========================================================================
Received Import Request.
  path: Assets/FenceBackground.png
  artifactKey: Guid(9c0b4c11d6e35954ea8bff1077b2147c) Importer(815301076,1909f56bfc062723c751e8b465ee728b)
Start importing Assets/FenceBackground.png using Guid(9c0b4c11d6e35954ea8bff1077b2147c) Importer(815301076,1909f56bfc062723c751e8b465ee728b)  -> (artifact id: '42c2effa82e550e2b8fcc031609ee5f0') in 0.121093 seconds
  Import took 0.123351 seconds .

========================================================================
Received Import Request.
  Time since last request: 0.000189 seconds.
  path: Assets/2DPhysicsMaterial - Bounce.physicsMaterial2D
  artifactKey: Guid(f8987bcae78e8b54680277a3c036bef6) Importer(815301076,1909f56bfc062723c751e8b465ee728b)
Start importing Assets/2DPhysicsMaterial - Bounce.physicsMaterial2D using Guid(f8987bcae78e8b54680277a3c036bef6) Importer(815301076,1909f56bfc062723c751e8b465ee728b)  -> (artifact id: 'c2d43e37de816711ea79c95c767a0141') in 0.010819 seconds
  Import took 0.013285 seconds .

========================================================================
Received Import Request.
  Time since last request: 3.559867 seconds.
  path: Assets/GameIcon.png
  artifactKey: Guid(235615dde51d0614d9747b3c39f8a1f0) Importer(815301076,1909f56bfc062723c751e8b465ee728b)
Start importing Assets/GameIcon.png using Guid(235615dde51d0614d9747b3c39f8a1f0) Importer(815301076,1909f56bfc062723c751e8b465ee728b)  -> (artifact id: 'dd7c4f48ac6747286272a458d13a7c38') in 0.015149 seconds
  Import took 0.017397 seconds .

========================================================================
Received Import Request.
  Time since last request: 0.000192 seconds.
  path: Assets/SoccerBallSelection.png
  artifactKey: Guid(0b2a12fb827f79d469b7b12807f9c0ac) Importer(815301076,1909f56bfc062723c751e8b465ee728b)
Start importing Assets/SoccerBallSelection.png using Guid(0b2a12fb827f79d469b7b12807f9c0ac) Importer(815301076,1909f56bfc062723c751e8b465ee728b)  -> (artifact id: '5fc6532c900e074bde809f7425eb6346') in 0.039657 seconds
  Import took 0.041768 seconds .

========================================================================
Received Import Request.
  Time since last request: 0.000194 seconds.
  path: Assets/SoccerUIButtons.png
  artifactKey: Guid(e5eda42e97f2ce948adc85baa0b02e49) Importer(815301076,1909f56bfc062723c751e8b465ee728b)
Start importing Assets/SoccerUIButtons.png using Guid(e5eda42e97f2ce948adc85baa0b02e49) Importer(815301076,1909f56bfc062723c751e8b465ee728b)  -> (artifact id: 'f233c96e6dbb7bb3469e9f217d34cfe1') in 0.055386 seconds
  Import took 0.057947 seconds .

========================================================================
Received Prepare
Registering precompiled user dll's ...
Registered in 0.000791 seconds.
Begin MonoManager ReloadAssembly
Native extension for WindowsStandalone target not found
Refreshing native plugins compatible for Editor in 0.34 ms, found 0 plugins.
Preloading 0 native plugins for Editor in 0.00 ms.
Invoked RoslynAnalysisRunner static constructor.
RoslynAnalysisRunner will not be running.
RoslynAnalysisRunner has terminated.
Mono: successfully reloaded assembly
- Completed reload, in  0.811 seconds
Platform modules already initialized, skipping
Refreshing native plugins compatible for Editor in 0.29 ms, found 0 plugins.
Preloading 0 native plugins for Editor in 0.00 ms.
Unloading 1152 Unused Serialized files (Serialized files now loaded: 0)
System memory in use before: 61.1 MB.
System memory in use after: 61.2 MB.

Unloading 4 unused Assets to reduce memory usage. Loaded Objects now: 1635.
Total: 1.640500 ms (FindLiveObjects: 0.224800 ms CreateObjectMapping: 0.027000 ms MarkObjects: 1.374200 ms  DeleteObjects: 0.012700 ms)

========================================================================
Received Import Request.
  Time since last request: 2859.500180 seconds.
  path: Assets/Scripts/GameController.cs
  artifactKey: Guid(787c79e08ccba274b8acd094b02950d1) Importer(815301076,1909f56bfc062723c751e8b465ee728b)
Start importing Assets/Scripts/GameController.cs using Guid(787c79e08ccba274b8acd094b02950d1) Importer(815301076,1909f56bfc062723c751e8b465ee728b)  -> (artifact id: 'fb8f2f88980333f61f0174afe41615b1') in 0.012543 seconds
  Import took 0.014788 seconds .

========================================================================
Received Import Request.
  Time since last request: 0.021969 seconds.
  path: Assets/Scripts/GameController.cs
  artifactKey: Guid(787c79e08ccba274b8acd094b02950d1) Importer(815301076,1909f56bfc062723c751e8b465ee728b)
Start importing Assets/Scripts/GameController.cs using Guid(787c79e08ccba274b8acd094b02950d1) Importer(815301076,1909f56bfc062723c751e8b465ee728b)  -> (artifact id: 'fb8f2f88980333f61f0174afe41615b1') in 0.002526 seconds
  Import took 0.004589 seconds .

========================================================================
Received Import Request.
  Time since last request: 326.184718 seconds.
  path: Assets/Scripts
  artifactKey: Guid(c1e3456527560b844bb0f3ef8c9ce87c) Importer(815301076,1909f56bfc062723c751e8b465ee728b)
Start importing Assets/Scripts using Guid(c1e3456527560b844bb0f3ef8c9ce87c) Importer(815301076,1909f56bfc062723c751e8b465ee728b)  -> (artifact id: '479974f088998b5c4656cbffd292c90c') in 0.010563 seconds
  Import took 0.013301 seconds .

========================================================================
Received Import Request.
  Time since last request: 5.555500 seconds.
  path: Assets/Scripts/Shoe.cs
  artifactKey: Guid(0a9149bb083d19d4588c63babeb50c96) Importer(815301076,1909f56bfc062723c751e8b465ee728b)
Start importing Assets/Scripts/Shoe.cs using Guid(0a9149bb083d19d4588c63babeb50c96) Importer(815301076,1909f56bfc062723c751e8b465ee728b)  -> (artifact id: '7eb4689a0e64f9b322d95d1852d6db51') in 0.006279 seconds
  Import took 0.008566 seconds .

========================================================================
Received Prepare
Registering precompiled user dll's ...
Registered in 0.000481 seconds.
Begin MonoManager ReloadAssembly
Native extension for WindowsStandalone target not found
Refreshing native plugins compatible for Editor in 0.26 ms, found 0 plugins.
Preloading 0 native plugins for Editor in 0.00 ms.
Invoked RoslynAnalysisRunner static constructor.
RoslynAnalysisRunner will not be running.
RoslynAnalysisRunner has terminated.
Mono: successfully reloaded assembly
- Completed reload, in  0.745 seconds
Platform modules already initialized, skipping
Refreshing native plugins compatible for Editor in 0.24 ms, found 0 plugins.
Preloading 0 native plugins for Editor in 0.00 ms.
Unloading 1154 Unused Serialized files (Serialized files now loaded: 0)
System memory in use before: 61.2 MB.
System memory in use after: 61.3 MB.

Unloading 4 unused Assets to reduce memory usage. Loaded Objects now: 1638.
Total: 1.636900 ms (FindLiveObjects: 0.192300 ms CreateObjectMapping: 0.028300 ms MarkObjects: 1.398800 ms  DeleteObjects: 0.015600 ms)

========================================================================
Received Prepare
Registering precompiled user dll's ...
Registered in 0.000532 seconds.
Begin MonoManager ReloadAssembly
Native extension for WindowsStandalone target not found
Refreshing native plugins compatible for Editor in 0.24 ms, found 0 plugins.
Preloading 0 native plugins for Editor in 0.00 ms.
Invoked RoslynAnalysisRunner static constructor.
RoslynAnalysisRunner will not be running.
RoslynAnalysisRunner has terminated.
Mono: successfully reloaded assembly
- Completed reload, in  0.657 seconds
Platform modules already initialized, skipping
Refreshing native plugins compatible for Editor in 0.12 ms, found 0 plugins.
Preloading 0 native plugins for Editor in 0.00 ms.
Unloading 1154 Unused Serialized files (Serialized files now loaded: 0)
System memory in use before: 61.3 MB.
System memory in use after: 61.3 MB.

Unloading 4 unused Assets to reduce memory usage. Loaded Objects now: 1640.
Total: 1.531600 ms (FindLiveObjects: 0.157100 ms CreateObjectMapping: 0.027500 ms MarkObjects: 1.334900 ms  DeleteObjects: 0.011400 ms)

========================================================================
Received Import Request.
  Time since last request: 48.758626 seconds.
  path: Assets/Scripts/Shoe.cs
  artifactKey: Guid(0a9149bb083d19d4588c63babeb50c96) Importer(815301076,1909f56bfc062723c751e8b465ee728b)
Start importing Assets/Scripts/Shoe.cs using Guid(0a9149bb083d19d4588c63babeb50c96) Importer(815301076,1909f56bfc062723c751e8b465ee728b)  -> (artifact id: '40f3d7e1f5a8c94125d9999d28175877') in 0.004181 seconds
  Import took 0.006039 seconds .

========================================================================
Received Import Request.
  Time since last request: 12.770186 seconds.
  path: Assets/Scripts/BonusBall.cs
  artifactKey: Guid(79560e5d444a8c143adc5a3b25fbb23a) Importer(815301076,1909f56bfc062723c751e8b465ee728b)
Start importing Assets/Scripts/BonusBall.cs using Guid(79560e5d444a8c143adc5a3b25fbb23a) Importer(815301076,1909f56bfc062723c751e8b465ee728b)  -> (artifact id: '39e908000d96886a35441c981b884b79') in 0.006408 seconds
  Import took 0.008573 seconds .

========================================================================
Received Prepare
Registering precompiled user dll's ...
Registered in 0.000450 seconds.
Begin MonoManager ReloadAssembly
Native extension for WindowsStandalone target not found
Refreshing native plugins compatible for Editor in 0.25 ms, found 0 plugins.
Preloading 0 native plugins for Editor in 0.00 ms.
Invoked RoslynAnalysisRunner static constructor.
RoslynAnalysisRunner will not be running.
RoslynAnalysisRunner has terminated.
Mono: successfully reloaded assembly
- Completed reload, in  0.727 seconds
Platform modules already initialized, skipping
Refreshing native plugins compatible for Editor in 0.19 ms, found 0 plugins.
Preloading 0 native plugins for Editor in 0.00 ms.
Unloading 1155 Unused Serialized files (Serialized files now loaded: 0)
System memory in use before: 61.3 MB.
System memory in use after: 61.4 MB.

Unloading 4 unused Assets to reduce memory usage. Loaded Objects now: 1643.
Total: 1.732000 ms (FindLiveObjects: 0.194400 ms CreateObjectMapping: 0.032700 ms MarkObjects: 1.489800 ms  DeleteObjects: 0.013700 ms)

========================================================================
Received Import Request.
  Time since last request: 423.716832 seconds.
  path: Assets/Scripts/BonusBall.cs
  artifactKey: Guid(79560e5d444a8c143adc5a3b25fbb23a) Importer(815301076,1909f56bfc062723c751e8b465ee728b)
Start importing Assets/Scripts/BonusBall.cs using Guid(79560e5d444a8c143adc5a3b25fbb23a) Importer(815301076,1909f56bfc062723c751e8b465ee728b)  -> (artifact id: '58ea9a28e9fb3fb3140201e5436be842') in 0.005275 seconds
  Import took 0.007482 seconds .

========================================================================
Received Import Request.
  Time since last request: 4.026041 seconds.
  path: Assets/BonusRings.png
  artifactKey: Guid(1b64b49cbd99a6e4b96d08fe8b902500) Importer(815301076,1909f56bfc062723c751e8b465ee728b)
Start importing Assets/BonusRings.png using Guid(1b64b49cbd99a6e4b96d08fe8b902500) Importer(815301076,1909f56bfc062723c751e8b465ee728b)  -> (artifact id: '556a6c0c36c3ba431655dea55f04e9e1') in 0.073262 seconds
  Import took 0.075370 seconds .

========================================================================
Received Import Request.
  Time since last request: 246.114613 seconds.
  path: Assets/Scripts/BonusBall.cs
  artifactKey: Guid(79560e5d444a8c143adc5a3b25fbb23a) Importer(815301076,1909f56bfc062723c751e8b465ee728b)
Start importing Assets/Scripts/BonusBall.cs using Guid(79560e5d444a8c143adc5a3b25fbb23a) Importer(815301076,1909f56bfc062723c751e8b465ee728b)  -> (artifact id: 'e1fb31f03970367067b86eb8f7df8f84') in 0.003007 seconds
  Import took 0.005291 seconds .

========================================================================
Received Import Request.
  Time since last request: 367.149487 seconds.
  path: Assets/Scripts/BonusBall.cs
  artifactKey: Guid(79560e5d444a8c143adc5a3b25fbb23a) Importer(815301076,1909f56bfc062723c751e8b465ee728b)
Start importing Assets/Scripts/BonusBall.cs using Guid(79560e5d444a8c143adc5a3b25fbb23a) Importer(815301076,1909f56bfc062723c751e8b465ee728b)  -> (artifact id: 'badffe6c1e8bbb277549639dd5a8bf03') in 0.003116 seconds
  Import took 0.005495 seconds .

========================================================================
Received Import Request.
  Time since last request: 8.636317 seconds.
  path: ProjectSettings/TagManager.asset
  artifactKey: Guid(00000000000000003000000000000000) Importer(815301076,1909f56bfc062723c751e8b465ee728b)
Start importing ProjectSettings/TagManager.asset using Guid(00000000000000003000000000000000) Importer(815301076,1909f56bfc062723c751e8b465ee728b)  -> (artifact id: 'a0d1be89e1e0f63227b960487c5dd19d') in 0.007824 seconds
  Import took 0.009933 seconds .

========================================================================
Received Prepare
Registering precompiled user dll's ...
Registered in 0.000528 seconds.
Begin MonoManager ReloadAssembly
Native extension for WindowsStandalone target not found
Refreshing native plugins compatible for Editor in 0.25 ms, found 0 plugins.
Preloading 0 native plugins for Editor in 0.00 ms.
Invoked RoslynAnalysisRunner static constructor.
RoslynAnalysisRunner will not be running.
RoslynAnalysisRunner has terminated.
Mono: successfully reloaded assembly
- Completed reload, in  0.711 seconds
Platform modules already initialized, skipping
Refreshing native plugins compatible for Editor in 0.21 ms, found 0 plugins.
Preloading 0 native plugins for Editor in 0.00 ms.
Unloading 1155 Unused Serialized files (Serialized files now loaded: 0)
System memory in use before: 61.4 MB.
System memory in use after: 61.5 MB.

Unloading 5 unused Assets to reduce memory usage. Loaded Objects now: 1647.
Total: 1.592100 ms (FindLiveObjects: 0.218300 ms CreateObjectMapping: 0.032100 ms MarkObjects: 1.327700 ms  DeleteObjects: 0.013000 ms)

========================================================================
Received Prepare
Registering precompiled user dll's ...
Registered in 0.000558 seconds.
Begin MonoManager ReloadAssembly
Native extension for WindowsStandalone target not found
Refreshing native plugins compatible for Editor in 0.24 ms, found 0 plugins.
Preloading 0 native plugins for Editor in 0.00 ms.
Invoked RoslynAnalysisRunner static constructor.
RoslynAnalysisRunner will not be running.
RoslynAnalysisRunner has terminated.
Mono: successfully reloaded assembly
- Completed reload, in  0.653 seconds
Platform modules already initialized, skipping
Refreshing native plugins compatible for Editor in 0.19 ms, found 0 plugins.
Preloading 0 native plugins for Editor in 0.00 ms.
Unloading 1155 Unused Serialized files (Serialized files now loaded: 0)
System memory in use before: 61.4 MB.
System memory in use after: 61.5 MB.

Unloading 4 unused Assets to reduce memory usage. Loaded Objects now: 1649.
Total: 1.482300 ms (FindLiveObjects: 0.154200 ms CreateObjectMapping: 0.027700 ms MarkObjects: 1.288700 ms  DeleteObjects: 0.011000 ms)

AssetImportWorkerClient::OnTransportError - code=2 error=End of file
